::1 - - [13/Jul/2020:12:50:27 +0000] "GET / HTTP/1.1" 304 - "http://localhost:8000/profile/user/5f0c493f3109910290f95e41" "Mozilla/5.0 (Windows NT 10.0; Win64; x64) AppleWebKit/537.36 (KHTML, like Gecko) Chrome/83.0.4103.116 Safari/537.36"
::1 - - [13/Jul/2020:12:50:28 +0000] "GET /css/_footer.css HTTP/1.1" 404 154 "http://localhost:8000/" "Mozilla/5.0 (Windows NT 10.0; Win64; x64) AppleWebKit/537.36 (KHTML, like Gecko) Chrome/83.0.4103.116 Safari/537.36"
::1 - - [13/Jul/2020:12:52:32 +0000] "GET /profile/user/5f0c493f3109910290f95e41 HTTP/1.1" 304 - "http://localhost:8000/" "Mozilla/5.0 (Windows NT 10.0; Win64; x64) AppleWebKit/537.36 (KHTML, like Gecko) Chrome/83.0.4103.116 Safari/537.36"
::1 - - [13/Jul/2020:12:52:32 +0000] "GET /css/_footer.css HTTP/1.1" 404 154 "http://localhost:8000/profile/user/5f0c493f3109910290f95e41" "Mozilla/5.0 (Windows NT 10.0; Win64; x64) AppleWebKit/537.36 (KHTML, like Gecko) Chrome/83.0.4103.116 Safari/537.36"
::1 - - [13/Jul/2020:12:52:32 +0000] "GET /ckeditor/ckeditor.js HTTP/1.1" 404 159 "http://localhost:8000/profile/user/5f0c493f3109910290f95e41" "Mozilla/5.0 (Windows NT 10.0; Win64; x64) AppleWebKit/537.36 (KHTML, like Gecko) Chrome/83.0.4103.116 Safari/537.36"
::1 - - [13/Jul/2020:12:52:34 +0000] "GET /ckeditor/ckeditor.js HTTP/1.1" 404 159 "http://localhost:8000/profile/user/5f0c493f3109910290f95e41" "Mozilla/5.0 (Windows NT 10.0; Win64; x64) AppleWebKit/537.36 (KHTML, like Gecko) Chrome/83.0.4103.116 Safari/537.36"
::1 - - [13/Jul/2020:14:01:36 +0000] "GET /user/sign-out HTTP/1.1" 302 64 "http://localhost:8000/profile/user/5f0c493f3109910290f95e41" "Mozilla/5.0 (Windows NT 10.0; Win64; x64) AppleWebKit/537.36 (KHTML, like Gecko) Chrome/83.0.4103.116 Safari/537.36"
::1 - - [13/Jul/2020:14:01:36 +0000] "GET /user/home HTTP/1.1" 200 8289 "http://localhost:8000/profile/user/5f0c493f3109910290f95e41" "Mozilla/5.0 (Windows NT 10.0; Win64; x64) AppleWebKit/537.36 (KHTML, like Gecko) Chrome/83.0.4103.116 Safari/537.36"
::1 - - [13/Jul/2020:14:01:37 +0000] "GET /css/_footer.css HTTP/1.1" 404 154 "http://localhost:8000/user/home" "Mozilla/5.0 (Windows NT 10.0; Win64; x64) AppleWebKit/537.36 (KHTML, like Gecko) Chrome/83.0.4103.116 Safari/537.36"
::1 - - [13/Jul/2020:14:07:21 +0000] "GET /user/home HTTP/1.1" 200 8010 "http://localhost:8000/profile/user/5f0c493f3109910290f95e41" "Mozilla/5.0 (Windows NT 10.0; Win64; x64) AppleWebKit/537.36 (KHTML, like Gecko) Chrome/83.0.4103.116 Safari/537.36"
::1 - - [13/Jul/2020:14:07:21 +0000] "GET /css/_footer.css HTTP/1.1" 404 154 "http://localhost:8000/user/home" "Mozilla/5.0 (Windows NT 10.0; Win64; x64) AppleWebKit/537.36 (KHTML, like Gecko) Chrome/83.0.4103.116 Safari/537.36"
::1 - - [13/Jul/2020:14:08:58 +0000] "GET /user/home HTTP/1.1" 304 - "http://localhost:8000/profile/user/5f0c493f3109910290f95e41" "Mozilla/5.0 (Windows NT 10.0; Win64; x64) AppleWebKit/537.36 (KHTML, like Gecko) Chrome/83.0.4103.116 Safari/537.36"
::1 - - [13/Jul/2020:14:08:58 +0000] "GET /css/_footer.css HTTP/1.1" 404 154 "http://localhost:8000/user/home" "Mozilla/5.0 (Windows NT 10.0; Win64; x64) AppleWebKit/537.36 (KHTML, like Gecko) Chrome/83.0.4103.116 Safari/537.36"
::1 - - [13/Jul/2020:14:09:43 +0000] "GET /user/sign-in HTTP/1.1" 200 8059 "http://localhost:8000/user/home" "Mozilla/5.0 (Windows NT 10.0; Win64; x64) AppleWebKit/537.36 (KHTML, like Gecko) Chrome/83.0.4103.116 Safari/537.36"
::1 - - [13/Jul/2020:14:09:43 +0000] "GET /css/_footer.css HTTP/1.1" 404 154 "http://localhost:8000/user/sign-in" "Mozilla/5.0 (Windows NT 10.0; Win64; x64) AppleWebKit/537.36 (KHTML, like Gecko) Chrome/83.0.4103.116 Safari/537.36"
::1 - - [13/Jul/2020:14:10:08 +0000] "GET /css/_footer.css HTTP/1.1" 404 154 "http://localhost:8000/user/sign-in" "Mozilla/5.0 (Windows NT 10.0; Win64; x64) AppleWebKit/537.36 (KHTML, like Gecko) Chrome/83.0.4103.116 Safari/537.36"
::1 - - [13/Jul/2020:14:11:07 +0000] "GET / HTTP/1.1" 302 64 "http://localhost:8000/user/sign-in" "Mozilla/5.0 (Linux; Android 6.0; Nexus 5 Build/MRA58N) AppleWebKit/537.36 (KHTML, like Gecko) Chrome/83.0.4103.116 Mobile Safari/537.36"
::1 - - [13/Jul/2020:14:11:08 +0000] "GET /user/home HTTP/1.1" 304 - "http://localhost:8000/user/sign-in" "Mozilla/5.0 (Linux; Android 6.0; Nexus 5 Build/MRA58N) AppleWebKit/537.36 (KHTML, like Gecko) Chrome/83.0.4103.116 Mobile Safari/537.36"
::1 - - [13/Jul/2020:14:11:08 +0000] "GET /css/_footer.css HTTP/1.1" 404 154 "http://localhost:8000/user/home" "Mozilla/5.0 (Linux; Android 6.0; Nexus 5 Build/MRA58N) AppleWebKit/537.36 (KHTML, like Gecko) Chrome/83.0.4103.116 Mobile Safari/537.36"
::1 - - [13/Jul/2020:14:11:30 +0000] "GET /user/home HTTP/1.1" 304 - "http://localhost:8000/user/sign-in" "Mozilla/5.0 (Linux; Android 6.0; Nexus 5 Build/MRA58N) AppleWebKit/537.36 (KHTML, like Gecko) Chrome/83.0.4103.116 Mobile Safari/537.36"
::1 - - [13/Jul/2020:14:11:30 +0000] "GET /css/_footer.css HTTP/1.1" 404 154 "http://localhost:8000/user/home" "Mozilla/5.0 (Linux; Android 6.0; Nexus 5 Build/MRA58N) AppleWebKit/537.36 (KHTML, like Gecko) Chrome/83.0.4103.116 Mobile Safari/537.36"
::1 - - [13/Jul/2020:14:12:11 +0000] "GET /user/home HTTP/1.1" 304 - "http://localhost:8000/user/sign-in" "Mozilla/5.0 (Linux; Android 6.0; Nexus 5 Build/MRA58N) AppleWebKit/537.36 (KHTML, like Gecko) Chrome/83.0.4103.116 Mobile Safari/537.36"
::1 - - [13/Jul/2020:14:12:11 +0000] "GET /css/_footer.css HTTP/1.1" 404 154 "http://localhost:8000/user/home" "Mozilla/5.0 (Linux; Android 6.0; Nexus 5 Build/MRA58N) AppleWebKit/537.36 (KHTML, like Gecko) Chrome/83.0.4103.116 Mobile Safari/537.36"
::1 - - [13/Jul/2020:14:16:33 +0000] "GET /css/_footer.css HTTP/1.1" 404 154 "http://localhost:8000/user/home" "Mozilla/5.0 (Windows NT 10.0; Win64; x64) AppleWebKit/537.36 (KHTML, like Gecko) Chrome/83.0.4103.116 Safari/537.36"
::1 - - [13/Jul/2020:14:16:36 +0000] "GET /favicon.ico HTTP/1.1" 404 150 "http://localhost:8000/user/home" "Mozilla/5.0 (Windows NT 10.0; Win64; x64) AppleWebKit/537.36 (KHTML, like Gecko) Chrome/83.0.4103.116 Safari/537.36"
::1 - - [13/Jul/2020:14:16:46 +0000] "GET /css/_footer.css HTTP/1.1" 404 154 "http://localhost:8000/user/home" "Mozilla/5.0 (Windows NT 10.0; Win64; x64) AppleWebKit/537.36 (KHTML, like Gecko) Chrome/83.0.4103.116 Safari/537.36"
::1 - - [13/Jul/2020:14:16:47 +0000] "GET /user/home HTTP/1.1" 304 - "http://localhost:8000/user/sign-in" "Mozilla/5.0 (Windows NT 10.0; Win64; x64) AppleWebKit/537.36 (KHTML, like Gecko) Chrome/83.0.4103.116 Safari/537.36"
::1 - - [13/Jul/2020:14:17:38 +0000] "GET /user/home HTTP/1.1" 304 - "http://localhost:8000/user/sign-in" "Mozilla/5.0 (Linux; Android 6.0; Nexus 5 Build/MRA58N) AppleWebKit/537.36 (KHTML, like Gecko) Chrome/83.0.4103.116 Mobile Safari/537.36"
::1 - - [13/Jul/2020:14:17:39 +0000] "GET /css/_footer.css HTTP/1.1" 404 154 "http://localhost:8000/user/home" "Mozilla/5.0 (Linux; Android 6.0; Nexus 5 Build/MRA58N) AppleWebKit/537.36 (KHTML, like Gecko) Chrome/83.0.4103.116 Mobile Safari/537.36"
::1 - - [13/Jul/2020:14:18:03 +0000] "GET /user/home HTTP/1.1" 304 - "http://localhost:8000/user/sign-in" "Mozilla/5.0 (Linux; Android 6.0; Nexus 5 Build/MRA58N) AppleWebKit/537.36 (KHTML, like Gecko) Chrome/83.0.4103.116 Mobile Safari/537.36"
::1 - - [13/Jul/2020:14:18:03 +0000] "GET /css/_footer.css HTTP/1.1" 404 154 "http://localhost:8000/user/home" "Mozilla/5.0 (Linux; Android 6.0; Nexus 5 Build/MRA58N) AppleWebKit/537.36 (KHTML, like Gecko) Chrome/83.0.4103.116 Mobile Safari/537.36"
::1 - - [13/Jul/2020:14:18:12 +0000] "GET /user/home HTTP/1.1" 304 - "http://localhost:8000/user/sign-in" "Mozilla/5.0 (Linux; Android 6.0; Nexus 5 Build/MRA58N) AppleWebKit/537.36 (KHTML, like Gecko) Chrome/83.0.4103.116 Mobile Safari/537.36"
::1 - - [13/Jul/2020:14:18:12 +0000] "GET /css/_footer.css HTTP/1.1" 404 154 "http://localhost:8000/user/home" "Mozilla/5.0 (Linux; Android 6.0; Nexus 5 Build/MRA58N) AppleWebKit/537.36 (KHTML, like Gecko) Chrome/83.0.4103.116 Mobile Safari/537.36"
::1 - - [13/Jul/2020:14:19:45 +0000] "GET /user/sign-in HTTP/1.1" 304 - "http://localhost:8000/user/home" "Mozilla/5.0 (Windows NT 10.0; Win64; x64) AppleWebKit/537.36 (KHTML, like Gecko) Chrome/83.0.4103.116 Safari/537.36"
::1 - - [13/Jul/2020:14:19:45 +0000] "GET /css/_footer.css HTTP/1.1" 404 154 "http://localhost:8000/user/sign-in" "Mozilla/5.0 (Windows NT 10.0; Win64; x64) AppleWebKit/537.36 (KHTML, like Gecko) Chrome/83.0.4103.116 Safari/537.36"
::1 - - [13/Jul/2020:14:19:56 +0000] "GET /css/_footer.css HTTP/1.1" 404 154 "http://localhost:8000/user/sign-in" "Mozilla/5.0 (Windows NT 10.0; Win64; x64) AppleWebKit/537.36 (KHTML, like Gecko) Chrome/83.0.4103.116 Safari/537.36"
::1 - - [13/Jul/2020:14:22:31 +0000] "GET /user/sign-in HTTP/1.1" 304 - "http://localhost:8000/user/home" "Mozilla/5.0 (Linux; Android 6.0; Nexus 5 Build/MRA58N) AppleWebKit/537.36 (KHTML, like Gecko) Chrome/83.0.4103.116 Mobile Safari/537.36"
::1 - - [13/Jul/2020:14:22:32 +0000] "GET /css/_footer.css HTTP/1.1" 404 154 "http://localhost:8000/user/sign-in" "Mozilla/5.0 (Linux; Android 6.0; Nexus 5 Build/MRA58N) AppleWebKit/537.36 (KHTML, like Gecko) Chrome/83.0.4103.116 Mobile Safari/537.36"
[0mGET /user/sign-in [36m304[0m 150.109 ms - -[0m
[0mGET /css/_footer.css [33m404[0m 68.252 ms - 154[0m
